0 info it worked if it ends with ok
1 verbose cli [ '/usr/bin/node', '/usr/bin/npm', 'run', 'build' ]
2 info using npm@3.5.2
3 info using node@v8.10.0
4 verbose run-script [ 'prebuild', 'build', 'postbuild' ]
5 info lifecycle gatsby-starter-default@1.0.0~prebuild: gatsby-starter-default@1.0.0
6 silly lifecycle gatsby-starter-default@1.0.0~prebuild: no script for prebuild, continuing
7 info lifecycle gatsby-starter-default@1.0.0~build: gatsby-starter-default@1.0.0
8 verbose lifecycle gatsby-starter-default@1.0.0~build: unsafe-perm in lifecycle true
9 verbose lifecycle gatsby-starter-default@1.0.0~build: PATH: /usr/share/npm/bin/node-gyp-bin:/mnt/c/Users/Maxi/Documents/www/maxiozer.github.io/node_modules/.bin:/usr/local/sbin:/usr/local/bin:/usr/sbin:/usr/bin:/sbin:/bin:/usr/games:/usr/local/games:/mnt/c/WINDOWS/system32:/mnt/c/WINDOWS:/mnt/c/WINDOWS/System32/Wbem:/mnt/c/WINDOWS/System32/WindowsPowerShell/v1.0/:/mnt/c/WINDOWS/System32/OpenSSH/:/mnt/c/Program Files/Intel/WiFi/bin/:/mnt/c/Program Files/Common Files/Intel/WirelessCommon/:/mnt/c/ProgramData/chocolatey/bin:/mnt/c/Program Files/Git/cmd:/mnt/c/Program Files/nodejs/:/mnt/c/Program Files/Calibre2/:/mnt/c/Users/Maxi/AppData/Local/Microsoft/WindowsApps:/mnt/c/Users/Maxi/AppData/Local/Programs/Microsoft VS Code/bin:/mnt/c/Users/Maxi/AppData/Local/GitHubDesktop/bin:/mnt/c/tools/Cmder:/mnt/c/Users/Maxi/AppData/Roaming/npm:/mnt/c/Program Files/Oracle/VirtualBox:/mnt/c/Users/Maxi/AppData/Local/hyper/app-3.0.2/resources/bin:/%USERPROFILE%/AppData/Local/Microsoft/WindowsApps:/snap/bin
10 verbose lifecycle gatsby-starter-default@1.0.0~build: CWD: /mnt/c/Users/Maxi/Documents/www/maxiozer.github.io
11 silly lifecycle gatsby-starter-default@1.0.0~build: Args: [ '-c', 'gatsby build' ]
12 silly lifecycle gatsby-starter-default@1.0.0~build: Returned: code: 1  signal: null
13 info lifecycle gatsby-starter-default@1.0.0~build: Failed to exec build script
14 verbose stack Error: gatsby-starter-default@1.0.0 build: `gatsby build`
14 verbose stack Exit status 1
14 verbose stack     at EventEmitter.<anonymous> (/usr/share/npm/lib/utils/lifecycle.js:232:16)
14 verbose stack     at emitTwo (events.js:126:13)
14 verbose stack     at EventEmitter.emit (events.js:214:7)
14 verbose stack     at ChildProcess.<anonymous> (/usr/share/npm/lib/utils/spawn.js:24:14)
14 verbose stack     at emitTwo (events.js:126:13)
14 verbose stack     at ChildProcess.emit (events.js:214:7)
14 verbose stack     at maybeClose (internal/child_process.js:925:16)
14 verbose stack     at Process.ChildProcess._handle.onexit (internal/child_process.js:209:5)
15 verbose pkgid gatsby-starter-default@1.0.0
16 verbose cwd /mnt/c/Users/Maxi/Documents/www/maxiozer.github.io
17 error Linux 4.4.0-18362-Microsoft
18 error argv "/usr/bin/node" "/usr/bin/npm" "run" "build"
19 error node v8.10.0
20 error npm  v3.5.2
21 error code ELIFECYCLE
22 error gatsby-starter-default@1.0.0 build: `gatsby build`
22 error Exit status 1
23 error Failed at the gatsby-starter-default@1.0.0 build script 'gatsby build'.
23 error Make sure you have the latest version of node.js and npm installed.
23 error If you do, this is most likely a problem with the gatsby-starter-default package,
23 error not with npm itself.
23 error Tell the author that this fails on your system:
23 error     gatsby build
23 error You can get information on how to open an issue for this project with:
23 error     npm bugs gatsby-starter-default
23 error Or if that isn't available, you can get their info via:
23 error     npm owner ls gatsby-starter-default
23 error There is likely additional logging output above.
24 verbose exit [ 1, true ]
